<?xml version="1.0" encoding="UTF-8"?>
<testsuite xmlns:xsi="http://www.w3.org/2001/XMLSchema-instance" xsi:noNamespaceSchemaLocation="https://maven.apache.org/surefire/maven-surefire-plugin/xsd/surefire-test-report-3.0.xsd" version="3.0" name="com.web.gruposti.MarvelServiceTest" time="0.377" tests="1" errors="0" skipped="0" failures="0">
  <properties>
[...]
</properties>
  <testcase name="testGetCharacters_success" classname="com.web.gruposti.MarvelServiceTest" time="0.367">
    <system-out><![CDATA[2025-05-07T15:17:36.567-07:00  INFO 19880 --- [           main] com.web.gruposti.service.MarvelService   : marvelApiUrl=http://fake-url?ts=null&apikey=null&hash=null
]]></system-out>
  </testcase>
</testsuite>